Arguments: 
  D:\devtools\nodejs\node.exe D:\devtools\Yarn\bin\yarn.js install

PATH: 
  D:\devtools\cmder\bin;D:\devtools\cmder\vendor\conemu-maximus5\ConEmu\Scripts;D:\devtools\cmder\vendor\conemu-maximus5;D:\devtools\cmder\vendor\conemu-maximus5\ConEmu;C:\Python38\Scripts\;C:\Python38\;C:\Program Files (x86)\Common Files\Intel\Shared Libraries\redist\intel64\compiler;C:\ProgramData\Oracle\Java\javapath;C:\Program Files (x86)\Razer Chroma SDK\bin;C:\Program Files\Razer Chroma SDK\bin;C:\Program Files (x86)\Intel\iCLS Client\;C:\Program Files\Intel\iCLS Client\;C:\Windows\system32;C:\Windows;C:\Windows\System32\Wbem;C:\Windows\System32\WindowsPowerShell\v1.0\;C:\Program Files (x86)\Intel\Intel(R) Management Engine Components\DAL;C:\Program Files\Intel\Intel(R) Management Engine Components\DAL;C:\Program Files (x86)\Intel\Intel(R) Management Engine Components\IPT;C:\Program Files\Intel\Intel(R) Management Engine Components\IPT;C:\Program Files (x86)\NVIDIA Corporation\PhysX\Common;C:\Users\Thef3\AppData\Local\Microsoft\WindowsApps;C:\Program Files\Git\cmd;D:\devtools\java;D:\devtools\opencv\build\x64\vc14\bin;D:\devtools\python27;C:\WINDOWS\system32;C:\WINDOWS;C:\WINDOWS\System32\Wbem;C:\WINDOWS\System32\WindowsPowerShell\v1.0\;C:\Program Files (x86)\GtkSharp\2.12\bin;D:\AppData\Local\Android\tools\bin;C:\WINDOWS\System32\OpenSSH\;D:\devtools\Android\Sdk\platform-tools;C:\Program Files\dotnet\;C:\Program Files\Microsoft SQL Server\130\Tools\Binn\;D:\devtools\python27\Scripts;C:\Program Files\NVIDIA Corporation\NVIDIA NvDLISR;C:\WINDOWS\system32;C:\WINDOWS;C:\WINDOWS\System32\Wbem;C:\WINDOWS\System32\WindowsPowerShell\v1.0\;C:\WINDOWS\System32\OpenSSH\;C:\Program Files\Amazon\AWSCLI\bin\;D:\devtools\nodejs\;C:\ProgramData\chocolatey\bin;D:\devtools\Yarn\bin\;C:\Program Files\Perforce\;C:\Users\Thef3\AppData\Local\Programs\Python\Python37\Scripts\;C:\Users\Thef3\AppData\Local\Programs\Python\Python37\;C:\Users\Thef3\AppData\Local\Microsoft\WindowsApps;D:\devtools\Docker Toolbox;D:\devtools\Google\Cloud SDK\google-cloud-sdk\bin;D:\devtools\Microsoft VS Code\bin;D:\devtools\heroku\bin;C:\Users\Thef3\AppData\Roaming\npm;C:\Users\Thef3\AppData\Local\Yarn\bin;C:\Program Files\Git\mingw64;C:\Program Files\Git\usr\bin;D:\devtools\cmder

Yarn version: 
  1.22.4

Node version: 
  12.18.1

Platform: 
  win32 x64

Trace: 
  Error: ENOENT: no such file or directory, lstat 'D:\projects\react-form-validator\node_modules\react-scripts\node_modules\@babel\plugin-syntax-object-rest-spread'

npm manifest: 
  {
    "name": "@teragon/react-form-validator-example",
    "homepage": "https://Craig Salajan.github.io/@teragon/react-form-validator",
    "version": "0.0.0",
    "private": true,
    "dependencies": {
      "react": "link:../node_modules/react",
      "react-dom": "link:../node_modules/react-dom",
      "react-scripts": "link:../node_modules/react-scripts",
      "@teragon/react-form-validator": "link:.."
    },
    "scripts": {
      "start": "node ../node_modules/react-scripts/bin/react-scripts.js start",
      "build": "node ../node_modules/react-scripts/bin/react-scripts.js build",
      "test": "node ../node_modules/react-scripts/bin/react-scripts.js test",
      "eject": "node ../node_modules/react-scripts/bin/react-scripts.js eject"
    },
    "eslintConfig": {
      "extends": "react-app"
    },
    "browserslist": [
      ">0.2%",
      "not dead",
      "not ie <= 11",
      "not op_mini all"
    ]
  }

yarn manifest: 
  No manifest

Lockfile: 
  No lockfile
